[debug] [2022-11-18T13:59:57.349Z] ----------------------------------------------------------------------
[debug] [2022-11-18T13:59:57.350Z] Command:       /usr/local/bin/node /usr/local/bin/firebase init hosting
[debug] [2022-11-18T13:59:57.350Z] CLI Version:   11.16.1
[debug] [2022-11-18T13:59:57.350Z] Platform:      darwin
[debug] [2022-11-18T13:59:57.350Z] Node Version:  v16.13.2
[debug] [2022-11-18T13:59:57.353Z] Time:          Fri Nov 18 2022 14:59:57 GMT+0100 (Central European Standard Time)
[debug] [2022-11-18T13:59:57.353Z] ----------------------------------------------------------------------
[debug] 
[debug] [2022-11-18T13:59:57.383Z] > command requires scopes: ["email","openid","https://www.googleapis.com/auth/cloudplatformprojects.readonly","https://www.googleapis.com/auth/firebase","https://www.googleapis.com/auth/cloud-platform"]
[debug] [2022-11-18T13:59:57.383Z] > authorizing via signed-in user (albertborraspons@gmail.com)
[info] 
     ######## #### ########  ######## ########     ###     ######  ########
     ##        ##  ##     ## ##       ##     ##  ##   ##  ##       ##
     ######    ##  ########  ######   ########  #########  ######  ######
     ##        ##  ##    ##  ##       ##     ## ##     ##       ## ##
     ##       #### ##     ## ######## ########  ##     ##  ######  ########

You're about to initialize a Firebase project in this directory:

  /Users/albert/FlutterProjects/prototyp_flutter

Before we get started, keep in mind:

  * You are initializing within an existing Firebase project directory

[info] 
=== Project Setup
[info] 
[info] First, let's associate this project directory with a Firebase project.
[info] You can create multiple project aliases by running firebase use --add, 
[info] but for now we'll just set up a default project.
[info] 
[debug] [2022-11-18T13:59:57.385Z] Using project from CLI flag: prototyp-2022
[debug] [2022-11-18T13:59:57.386Z] >>> [apiv2][query] GET https://firebase.googleapis.com/v1beta1/projects/prototyp-2022 [none]
[debug] [2022-11-18T13:59:57.772Z] <<< [apiv2][status] GET https://firebase.googleapis.com/v1beta1/projects/prototyp-2022 200
[debug] [2022-11-18T13:59:57.772Z] <<< [apiv2][body] GET https://firebase.googleapis.com/v1beta1/projects/prototyp-2022 {"projectId":"prototyp-2022","projectNumber":"396697033327","displayName":"prototyp","name":"projects/prototyp-2022","resources":{"hostingSite":"prototyp-2022","storageBucket":"prototyp-2022.appspot.com","locationId":"europe-west"},"state":"ACTIVE","etag":"1_38c6391d-198a-4279-a61d-ea5c34f60361"}
[info] i  Using project prototyp-2022 (prototyp) 
[info] 
=== Hosting Setup
[info] 
[info] Your public directory is the folder (relative to your project directory) that
[info] will contain Hosting assets to be uploaded with firebase deploy. If you
[info] have a build process for your assets, use your build's output directory.
[info] 
